<?xml version="1.0" encoding="UTF-8"?>
<testsuite xmlns:xsi="http://www.w3.org/2001/XMLSchema-instance" xsi:noNamespaceSchemaLocation="https://maven.apache.org/surefire/maven-surefire-plugin/xsd/surefire-test-report-3.0.xsd" version="3.0" name="no.nav.folketrygdloven.beregningsgrunnlag.fordel.OmfordelFraArbeidTest" time="0.011" tests="7" errors="0" skipped="0" failures="0">
  <properties>
    <property name="java.specification.version" value="21"/>
    <property name="sun.cpu.isalist" value="amd64"/>
    <property name="sun.jnu.encoding" value="Cp1252"/>
    <property name="java.class.path" value="C:\git\ft-beregning\beregningsregler\target\test-classes;C:\git\ft-beregning\beregningsregler\target\classes;C:\Users\l151567\.m2\repository\com\fasterxml\jackson\datatype\jackson-datatype-jsr310\2.16.1\jackson-datatype-jsr310-2.16.1.jar;C:\Users\l151567\.m2\repository\com\fasterxml\jackson\core\jackson-annotations\2.16.1\jackson-annotations-2.16.1.jar;C:\Users\l151567\.m2\repository\com\fasterxml\jackson\core\jackson-core\2.16.1\jackson-core-2.16.1.jar;C:\Users\l151567\.m2\repository\com\fasterxml\jackson\core\jackson-databind\2.16.1\jackson-databind-2.16.1.jar;C:\Users\l151567\.m2\repository\no\nav\fpsak\nare\fpsak-nare-core\2.6.1\fpsak-nare-core-2.6.1.jar;C:\Users\l151567\.m2\repository\com\fasterxml\jackson\datatype\jackson-datatype-jdk8\2.16.1\jackson-datatype-jdk8-2.16.1.jar;C:\Users\l151567\.m2\repository\no\nav\fpsak\tidsserie\fpsak-tidsserie\2.7.1\fpsak-tidsserie-2.7.1.jar;C:\Users\l151567\.m2\repository\org\junit\jupiter\junit-jupiter-engine\5.10.2\junit-jupiter-engine-5.10.2.jar;C:\Users\l151567\.m2\repository\org\junit\platform\junit-platform-engine\1.10.2\junit-platform-engine-1.10.2.jar;C:\Users\l151567\.m2\repository\org\opentest4j\opentest4j\1.3.0\opentest4j-1.3.0.jar;C:\Users\l151567\.m2\repository\org\junit\platform\junit-platform-commons\1.10.2\junit-platform-commons-1.10.2.jar;C:\Users\l151567\.m2\repository\org\junit\jupiter\junit-jupiter-api\5.10.2\junit-jupiter-api-5.10.2.jar;C:\Users\l151567\.m2\repository\org\apiguardian\apiguardian-api\1.1.2\apiguardian-api-1.1.2.jar;C:\Users\l151567\.m2\repository\org\mockito\mockito-junit-jupiter\5.11.0\mockito-junit-jupiter-5.11.0.jar;C:\Users\l151567\.m2\repository\org\mockito\mockito-core\5.11.0\mockito-core-5.11.0.jar;C:\Users\l151567\.m2\repository\net\bytebuddy\byte-buddy-agent\1.14.12\byte-buddy-agent-1.14.12.jar;C:\Users\l151567\.m2\repository\org\objenesis\objenesis\3.3\objenesis-3.3.jar;C:\Users\l151567\.m2\repository\org\assertj\assertj-core\3.25.3\assertj-core-3.25.3.jar;C:\Users\l151567\.m2\repository\net\bytebuddy\byte-buddy\1.14.11\byte-buddy-1.14.11.jar;"/>
    <property name="java.vm.vendor" value="Oracle Corporation"/>
    <property name="sun.arch.data.model" value="64"/>
    <property name="user.variant" value=""/>
    <property name="java.vendor.url" value="https://java.oracle.com/"/>
    <property name="user.timezone" value="Europe/Oslo"/>
    <property name="os.name" value="Windows 10"/>
    <property name="java.vm.specification.version" value="21"/>
    <property name="sun.java.launcher" value="SUN_STANDARD"/>
    <property name="user.country" value="NO"/>
    <property name="sun.boot.library.path" value="C:\Program Files\jdk21\bin"/>
    <property name="sun.java.command" value="C:\Users\l151567\AppData\Local\Temp\surefire11296139464490202451\surefirebooter-20240312122618164_3.jar C:\Users\l151567\AppData\Local\Temp\surefire11296139464490202451 2024-03-12T12-26-17_984-jvmRun1 surefire-20240312122618164_1tmp surefire_0-20240312122618164_2tmp"/>
    <property name="jdk.debug" value="release"/>
    <property name="surefire.test.class.path" value="C:\git\ft-beregning\beregningsregler\target\test-classes;C:\git\ft-beregning\beregningsregler\target\classes;C:\Users\l151567\.m2\repository\com\fasterxml\jackson\datatype\jackson-datatype-jsr310\2.16.1\jackson-datatype-jsr310-2.16.1.jar;C:\Users\l151567\.m2\repository\com\fasterxml\jackson\core\jackson-annotations\2.16.1\jackson-annotations-2.16.1.jar;C:\Users\l151567\.m2\repository\com\fasterxml\jackson\core\jackson-core\2.16.1\jackson-core-2.16.1.jar;C:\Users\l151567\.m2\repository\com\fasterxml\jackson\core\jackson-databind\2.16.1\jackson-databind-2.16.1.jar;C:\Users\l151567\.m2\repository\no\nav\fpsak\nare\fpsak-nare-core\2.6.1\fpsak-nare-core-2.6.1.jar;C:\Users\l151567\.m2\repository\com\fasterxml\jackson\datatype\jackson-datatype-jdk8\2.16.1\jackson-datatype-jdk8-2.16.1.jar;C:\Users\l151567\.m2\repository\no\nav\fpsak\tidsserie\fpsak-tidsserie\2.7.1\fpsak-tidsserie-2.7.1.jar;C:\Users\l151567\.m2\repository\org\junit\jupiter\junit-jupiter-engine\5.10.2\junit-jupiter-engine-5.10.2.jar;C:\Users\l151567\.m2\repository\org\junit\platform\junit-platform-engine\1.10.2\junit-platform-engine-1.10.2.jar;C:\Users\l151567\.m2\repository\org\opentest4j\opentest4j\1.3.0\opentest4j-1.3.0.jar;C:\Users\l151567\.m2\repository\org\junit\platform\junit-platform-commons\1.10.2\junit-platform-commons-1.10.2.jar;C:\Users\l151567\.m2\repository\org\junit\jupiter\junit-jupiter-api\5.10.2\junit-jupiter-api-5.10.2.jar;C:\Users\l151567\.m2\repository\org\apiguardian\apiguardian-api\1.1.2\apiguardian-api-1.1.2.jar;C:\Users\l151567\.m2\repository\org\mockito\mockito-junit-jupiter\5.11.0\mockito-junit-jupiter-5.11.0.jar;C:\Users\l151567\.m2\repository\org\mockito\mockito-core\5.11.0\mockito-core-5.11.0.jar;C:\Users\l151567\.m2\repository\net\bytebuddy\byte-buddy-agent\1.14.12\byte-buddy-agent-1.14.12.jar;C:\Users\l151567\.m2\repository\org\objenesis\objenesis\3.3\objenesis-3.3.jar;C:\Users\l151567\.m2\repository\org\assertj\assertj-core\3.25.3\assertj-core-3.25.3.jar;C:\Users\l151567\.m2\repository\net\bytebuddy\byte-buddy\1.14.11\byte-buddy-1.14.11.jar;"/>
    <property name="sun.cpu.endian" value="little"/>
    <property name="user.home" value="C:\Users\l151567"/>
    <property name="user.language" value="no"/>
    <property name="java.specification.vendor" value="Oracle Corporation"/>
    <property name="java.version.date" value="2023-10-17"/>
    <property name="java.home" value="C:\Program Files\jdk21"/>
    <property name="file.separator" value="\"/>
    <property name="basedir" value="C:\git\ft-beregning\beregningsregler"/>
    <property name="java.vm.compressedOopsMode" value="Zero based"/>
    <property name="line.separator" value="&#10;"/>
    <property name="java.vm.specification.vendor" value="Oracle Corporation"/>
    <property name="java.specification.name" value="Java Platform API Specification"/>
    <property name="surefire.real.class.path" value="C:\Users\l151567\AppData\Local\Temp\surefire11296139464490202451\surefirebooter-20240312122618164_3.jar"/>
    <property name="user.script" value=""/>
    <property name="sun.management.compiler" value="HotSpot 64-Bit Tiered Compilers"/>
    <property name="java.runtime.version" value="21.0.1+12-29"/>
    <property name="user.name" value="l151567"/>
    <property name="stdout.encoding" value="Cp1252"/>
    <property name="path.separator" value=";"/>
    <property name="os.version" value="10.0"/>
    <property name="java.runtime.name" value="OpenJDK Runtime Environment"/>
    <property name="file.encoding" value="UTF-8"/>
    <property name="java.vm.name" value="OpenJDK 64-Bit Server VM"/>
    <property name="localRepository" value="C:\Users\l151567\.m2\repository"/>
    <property name="java.vendor.url.bug" value="https://bugreport.java.com/bugreport/"/>
    <property name="java.io.tmpdir" value="C:\Users\l151567\AppData\Local\Temp\"/>
    <property name="java.version" value="21.0.1"/>
    <property name="user.dir" value="C:\git\ft-beregning\beregningsregler"/>
    <property name="os.arch" value="amd64"/>
    <property name="java.vm.specification.name" value="Java Virtual Machine Specification"/>
    <property name="sun.os.patch.level" value=""/>
    <property name="native.encoding" value="Cp1252"/>
    <property name="java.library.path" value="C:\Program Files\jdk21\bin;C:\WINDOWS\Sun\Java\bin;C:\WINDOWS\system32;C:\WINDOWS;C:\Users\l151567\bin;C:\apps\apache-maven-3.9.0\bin;C:\Users\l151567\bin;C:\apps\apache-maven-3.9.0\bin;C:\Users\l151567\bin;C:\Program Files\Git\mingw64\bin;C:\Program Files\Git\usr\local\bin;C:\Program Files\Git\usr\bin;C:\Program Files\Git\usr\bin;C:\Program Files\Git\mingw64\bin;C:\Program Files\Git\usr\bin;C:\Users\l151567\bin;C:\app\L151567\product\21c\dbhomeXE\bin;C:\WINDOWS\system32;C:\WINDOWS;C:\WINDOWS\System32\Wbem;C:\WINDOWS\System32\WindowsPowerShell\v1.0;C:\WINDOWS\System32\OpenSSH;C:\Program Files\Git\cmd;C:\Users\l151567\AppData\Local\Microsoft\WindowsApps;C:\Users\l151567\bin;C:\Program Files\Git\usr\bin\vendor_perl;C:\Program Files\Git\usr\bin\core_perl;."/>
    <property name="java.vm.info" value="mixed mode, sharing"/>
    <property name="stderr.encoding" value="Cp1252"/>
    <property name="java.vendor" value="Oracle Corporation"/>
    <property name="java.vm.version" value="21.0.1+12-29"/>
    <property name="sun.io.unicode.encoding" value="UnicodeLittle"/>
    <property name="java.class.version" value="65.0"/>
  </properties>
  <testcase name="skal_flytte_deler_av_beregningsgrunnlag_fra_et_annet_arbeidsforhold" classname="no.nav.folketrygdloven.beregningsgrunnlag.fordel.OmfordelFraArbeidTest" time="0.001"/>
  <testcase name="skal_kun_flytte_beregningsgrunnlag_fra_arbeidsforhold_som_har_lavere_refusjon_enn_beregningsgrunnlag" classname="no.nav.folketrygdloven.beregningsgrunnlag.fordel.OmfordelFraArbeidTest" time="0.001"/>
  <testcase name="skal_omfordele_inntekt_fÃ¸r_naturalytelse" classname="no.nav.folketrygdloven.beregningsgrunnlag.fordel.OmfordelFraArbeidTest" time="0.003"/>
  <testcase name="skal_flytte_beregningsgrunnlag_fra_et_annet_arbeidsforhold" classname="no.nav.folketrygdloven.beregningsgrunnlag.fordel.OmfordelFraArbeidTest" time="0.001"/>
  <testcase name="skal_flytte_beregningsgrunnlag_fra_et_annet_arbeidsforhold_med_ulik_utbetalingsgrad" classname="no.nav.folketrygdloven.beregningsgrunnlag.fordel.OmfordelFraArbeidTest" time="0.0"/>
  <testcase name="skal_flytte_beregningsgrunnlag_fra_to_arbeidsforhold" classname="no.nav.folketrygdloven.beregningsgrunnlag.fordel.OmfordelFraArbeidTest" time="0.001"/>
  <testcase name="skal_omfordele_bÃ¥de_inntekt_og_naturalytelse" classname="no.nav.folketrygdloven.beregningsgrunnlag.fordel.OmfordelFraArbeidTest" time="0.001"/>
</testsuite>